2020-09-07 00:53:46 INFO  RentalCarTests 36 - Response as string as  {
        "Cars": [
            {
                "make": "Audi",
                "model": "A7",
                "vin": "09AGHY64352JITEG98K",
                "metadata": {
                    "Color": "Black",
                    "Notes": "Scratches on the front side of the car"
                },
                "perdayrent": {
                    "Price": 140,
                    "Discount": 15
                },
                "metrics": {
                    "yoymaintenancecost": 2190.76,
                    "depreciation": 2256.43,
                    "rentalcount": {
                        "lastweek": 4,
                        "yeartodate": 221
                    }
                }
            },
            {
                "make": "Tesla",
                "model": "Model X",
                "vin": "08AGHY64352JITEG98K",
                "metadata": {
                    "Color": "Blue",
                    "Notes": "Scratches on the front side of the car"
                },
                "perdayrent": {
                    "Price": 150,
                    "Discount": 20
                },
                "metrics": {
                    "yoymaintenancecost": 2000.76,
                    "depreciation": 2400.43,
                    "rentalcount": {
                        "lastweek": 6,
                        "yeartodate": 220
                    }
                }
            },
            {
                "make": "BMW",
                "model": "B3",
                "vin": "02AGHY64352JITEG98K",
                "metadata": {
                    "Color": "white",
                    "Notes": "Scratches on the front side of the car"
                },
                "perdayrent": {
                    "Price": 100,
                    "Discount": 10
                },
                "metrics": {
                    "yoymaintenancecost": 2300.75,
                    "depreciation": 2400.43,
                    "rentalcount": {
                        "lastweek": 2,
                        "yeartodate": 250
                    }
                }
            }
        ]
    }

2020-09-07 00:53:46 INFO  RentalCarTests 38 - Status code of the response200
2020-09-07 00:53:46 INFO  RentalCarTests 57 - Name of the cars are [Audi, Tesla, BMW]
2020-09-07 00:53:46 INFO  RentalCarTests 60 - Car colors are[Black, Blue, white]
2020-09-07 00:53:46 INFO  RentalCarTests 71 - Blue clor cars are Tesla
2020-09-07 00:53:46 INFO  RentalCarTests 73 - Blue color car notes are Scratches on the front side of the car
2020-09-07 00:53:47 INFO  RentalCarTests 95 - Per day rent of all cars are [{Discount=15, Price=140}, {Discount=20, Price=150}, {Discount=10, Price=100}]
2020-09-07 22:43:17 INFO  RentalCarTests 36 - Response as string as  {
        "Cars": [
            {
                "make": "Audi",
                "model": "A7",
                "vin": "09AGHY64352JITEG98K",
                "metadata": {
                    "Color": "Black",
                    "Notes": "Scratches on the front side of the car"
                },
                "perdayrent": {
                    "Price": 140,
                    "Discount": 15
                },
                "metrics": {
                    "yoymaintenancecost": 2190.76,
                    "depreciation": 2256.43,
                    "rentalcount": {
                        "lastweek": 4,
                        "yeartodate": 221
                    }
                }
            },
            {
                "make": "Tesla",
                "model": "Model X",
                "vin": "08AGHY64352JITEG98K",
                "metadata": {
                    "Color": "Blue",
                    "Notes": "Scratches on the front side of the car"
                },
                "perdayrent": {
                    "Price": 150,
                    "Discount": 20
                },
                "metrics": {
                    "yoymaintenancecost": 2000.76,
                    "depreciation": 2400.43,
                    "rentalcount": {
                        "lastweek": 6,
                        "yeartodate": 220
                    }
                }
            },
            {
                "make": "BMW",
                "model": "B3",
                "vin": "02AGHY64352JITEG98K",
                "metadata": {
                    "Color": "white",
                    "Notes": "Scratches on the front side of the car"
                },
                "perdayrent": {
                    "Price": 100,
                    "Discount": 10
                },
                "metrics": {
                    "yoymaintenancecost": 2300.75,
                    "depreciation": 2400.43,
                    "rentalcount": {
                        "lastweek": 2,
                        "yeartodate": 250
                    }
                }
            }
        ]
    }

2020-09-07 22:43:17 INFO  RentalCarTests 38 - Status code of the response200
2020-09-07 22:43:18 INFO  RentalCarTests 57 - Name of the cars are [Audi, Tesla, BMW]
2020-09-07 22:43:18 INFO  RentalCarTests 60 - Car colors are[Black, Blue, white]
2020-09-07 22:43:18 INFO  RentalCarTests 71 - Blue clor cars are Tesla
2020-09-07 22:43:18 INFO  RentalCarTests 73 - Blue color car notes are Scratches on the front side of the car
2020-09-07 22:43:18 INFO  RentalCarTests 95 - Per day rent of all cars are [{Discount=15, Price=140}, {Discount=20, Price=150}, {Discount=10, Price=100}]
